11/18/2021 16:31:08 - WARNING - __main__ - Process rank: -1, device: cuda:0, n_gpu: 1distributed training: False, 16-bits training: True
11/18/2021 16:31:08 - INFO - __main__ - Training/evaluation parameters TrainingArguments(
_n_gpu=1,
adafactor=False,
adam_beta1=0.9,
adam_beta2=0.999,
adam_epsilon=1e-08,
dataloader_drop_last=False,
dataloader_num_workers=0,
dataloader_pin_memory=True,
ddp_find_unused_parameters=None,
debug=[],
deepspeed=None,
disable_tqdm=False,
do_eval=True,
do_predict=False,
do_train=True,
eval_accumulation_steps=None,
eval_steps=None,
evaluation_strategy=IntervalStrategy.NO,
fp16=True,
fp16_backend=auto,
fp16_full_eval=False,
fp16_opt_level=O1,
gradient_accumulation_steps=1,
gradient_checkpointing=False,
greater_is_better=None,
group_by_length=False,
hub_model_id=None,
hub_strategy=HubStrategy.EVERY_SAVE,
hub_token=<HUB_TOKEN>,
ignore_data_skip=False,
label_names=None,
label_smoothing_factor=0.0,
learning_rate=5e-05,
length_column_name=length,
load_best_model_at_end=False,
local_rank=-1,
log_level=-1,
log_level_replica=-1,
log_on_each_node=True,
logging_dir=results_guwen/runs/Nov18_16-31-05_ubuntu,
logging_first_step=False,
logging_nan_inf_filter=True,
logging_steps=500,
logging_strategy=IntervalStrategy.STEPS,
lr_scheduler_type=SchedulerType.LINEAR,
max_grad_norm=1.0,
max_steps=-1,
metric_for_best_model=None,
mp_parameters=,
no_cuda=False,
num_train_epochs=3.0,
output_dir=results_guwen,
overwrite_output_dir=True,
past_index=-1,
per_device_eval_batch_size=8,
per_device_train_batch_size=16,
prediction_loss_only=False,
push_to_hub=False,
push_to_hub_model_id=None,
push_to_hub_organization=None,
push_to_hub_token=<PUSH_TO_HUB_TOKEN>,
remove_unused_columns=True,
report_to=[],
resume_from_checkpoint=None,
run_name=results_guwen,
save_on_each_node=False,
save_steps=500,
save_strategy=IntervalStrategy.STEPS,
save_total_limit=None,
seed=42,
sharded_ddp=[],
skip_memory_metrics=True,
tpu_metrics_debug=False,
tpu_num_cores=None,
use_legacy_prediction_loop=False,
warmup_ratio=0.0,
warmup_steps=0,
weight_decay=0.0,
xpu_backend=None,
)
11/18/2021 16:31:18 - WARNING - datasets.builder - Using custom data configuration default-6032b753b6ad095d
11/18/2021 16:31:18 - INFO - datasets.builder - Overwrite dataset info from restored data version.
11/18/2021 16:31:18 - INFO - datasets.info - Loading Dataset info from /home/zhangkechi/.cache/huggingface/datasets/json/default-6032b753b6ad095d/0.0.0/c2d554c3377ea79c7664b93dc65d0803b45e3279000f993c7bfd18937fd7f426
11/18/2021 16:31:18 - WARNING - datasets.builder - Reusing dataset json (/home/zhangkechi/.cache/huggingface/datasets/json/default-6032b753b6ad095d/0.0.0/c2d554c3377ea79c7664b93dc65d0803b45e3279000f993c7bfd18937fd7f426)
11/18/2021 16:31:18 - INFO - datasets.info - Loading Dataset info from /home/zhangkechi/.cache/huggingface/datasets/json/default-6032b753b6ad095d/0.0.0/c2d554c3377ea79c7664b93dc65d0803b45e3279000f993c7bfd18937fd7f426
11/18/2021 16:31:32 - WARNING - __main__ - The tokenizer picked seems to have a very large `model_max_length` (1000000000000000019884624838656). Picking 1024 instead. You can change that default value by passing --max_seq_length xxx.
11/18/2021 16:31:32 - WARNING - datasets.arrow_dataset - Loading cached processed dataset at /home/zhangkechi/.cache/huggingface/datasets/json/default-6032b753b6ad095d/0.0.0/c2d554c3377ea79c7664b93dc65d0803b45e3279000f993c7bfd18937fd7f426/cache-ca7683dc4d4d4206.arrow
11/18/2021 16:31:32 - WARNING - datasets.arrow_dataset - Loading cached processed dataset at /home/zhangkechi/.cache/huggingface/datasets/json/default-6032b753b6ad095d/0.0.0/c2d554c3377ea79c7664b93dc65d0803b45e3279000f993c7bfd18937fd7f426/cache-422218a90f8ab388.arrow
